service&kind=word
room&kind=word
rooms&kind=word
bed&kind=word
gym&kind=word
breakfast&kind=word
price&kind=word
food&kind=word
location&kind=word
area&kind=word
bathroom&kind=word
bar&kind=word
lounge&kind=word
ambiance&kind=word
beds&kind=word
staff&kind=word
manager&kind=word
management&kind=word
hotel&kind=word
parking&kind=word
Room size&kind=word
room size&kind=word
washrooms&kind=word
washroom&kind=word
shower&kind=word
amenities&kind=word
swimming pool&kind=word
pool&kind=word
wifi&kind=word
wi fi&kind=word
wi-fi&kind=word
internet&kind=word
terrace&kind=word
restaurants&kind=word
restaurant&kind=word
front desk&kind=word
furniture&kind=word
atmosphere&kind=word
Location
Internet
Room
Rooms
Gym
Bed
Beds
Breakfast
Staff
prices
wireless
hot tub
recipient
recipients
health club
spa
Waiters
Waiter
